This is e-pTeX, Version 3.141592653-p3.9.1-210218-2.6 (utf8.euc) (TeX Live 2022/dev/Debian) (preloaded format=platex 2024.6.13)  12 APR 2025 20:53
entering extended mode
 restricted \write18 enabled.
 %&-line parsing enabled.
**./teen-form-samples.tex
(./teen-form-samples.tex
pLaTeX2e <2021-11-15> (based on LaTeX2e <2021-11-15> patch level 1)
L3 programming layer <2022-01-21>
(/usr/share/texlive/texmf-dist/tex/platex/base/jarticle.cls
Document Class: jarticle 2020/09/30 v1.8f Standard pLaTeX class
\c@@paper=\count184
(/usr/share/texlive/texmf-dist/tex/platex/base/jsize12.clo
File: jsize12.clo 2020/09/30 v1.8f Standard pLaTeX file (size option)
)
\c@part=\count185
\c@section=\count186
\c@subsection=\count187
\c@subsubsection=\count188
\c@paragraph=\count189
\c@subparagraph=\count190
\c@figure=\count191
\c@table=\count192
\abovecaptionskip=\skip47
\belowcaptionskip=\skip48
\symmincho=\mathgroup4
LaTeX Font Info:    Overwriting symbol font `mincho' in version `bold'
(Font)                  JY1/mc/m/n --> JY1/gt/m/n on input line 615.
\toclineskip=\dimen154
\@lnumwidth=\dimen155
\bibindent=\dimen156
\heisei=\count193
)
(/usr/share/texlive/texmf-dist/tex/platex/jsclasses/okumacro.sty
Package: okumacro 2021/07/01 okumura, texjporg
\@scw=\dimen157
\scb@x=\box67
\EXAMPLEWIDTH=\dimen158
\shaderule=\dimen159
)
(/usr/share/texlive/texmf-dist/tex/latex/ntheorem/ntheorem.sty
Style `ntheorem', Version 1.33 <2011/08/15>
Package: ntheorem 2011/08/15 1.33
(/usr/share/texlive/texmf-dist/tex/latex/base/ifthen.sty
Package: ifthen 2020/11/24 v1.1c Standard LaTeX ifthen package (DPC)
)
\theorem@style=\toks17
\theorem@@style=\toks18
\theorembodyfont=\toks19
\theoremnumbering=\toks20
\theorempreskipamount=\skip49
\theorempostskipamount=\skip50
\theoremframepreskipamount=\skip51
\theoremframepostskipamount=\skip52
\theoreminframepreskipamount=\skip53
\theoreminframepostskipamount=\skip54
\theorem@preskip=\toks21
\theorem@postskip=\toks22
\theorem@framepreskip=\toks23
\theorem@framepostskip=\toks24
\theorem@inframepreskip=\toks25
\theorem@inframepostskip=\toks26
\theoremindent=\dimen160
\theorem@indent=\dimen161
\theoremrightindent=\dimen162
\theorem@rightindent=\dimen163
\theoremheaderfont=\toks27
\theoremseparator=\toks28
\theoremprework=\toks29
\theorempostwork=\toks30
\theoremsymbol=\toks31
\qedsymbol=\toks32
\theoremkeyword=\toks33
\qedsymbol=\toks34
\thm@topsep=\skip55
\thm@topsepadd=\skip56
)
\c@example=\count194

(/usr/share/texlive/texmf-dist/tex/latex/l3backend/l3backend-dvips.def
File: l3backend-dvips.def 2022-01-12 L3 backend support: dvips
\l__pdf_internal_box=\box68
\g__pdf_backend_object_int=\count195
\l__pdf_backend_content_box=\box69
\l__pdf_backend_model_box=\box70
\g__pdf_backend_annotation_int=\count196
\g__pdf_backend_link_int=\count197
\g__pdf_backend_link_sf_int=\count198
)
(./teen-form-samples.aux)
\openout1 = `teen-form-samples.aux'.

LaTeX Font Info:    Checking defaults for OML/cmm/m/it on input line 16.
LaTeX Font Info:    ... okay on input line 16.
LaTeX Font Info:    Checking defaults for OMS/cmsy/m/n on input line 16.
LaTeX Font Info:    ... okay on input line 16.
LaTeX Font Info:    Checking defaults for OT1/cmr/m/n on input line 16.
LaTeX Font Info:    ... okay on input line 16.
LaTeX Font Info:    Checking defaults for T1/cmr/m/n on input line 16.
LaTeX Font Info:    ... okay on input line 16.
LaTeX Font Info:    Checking defaults for TS1/cmr/m/n on input line 16.
LaTeX Font Info:    ... okay on input line 16.
LaTeX Font Info:    Checking defaults for OMX/cmex/m/n on input line 16.
LaTeX Font Info:    ... okay on input line 16.
LaTeX Font Info:    Checking defaults for U/cmr/m/n on input line 16.
LaTeX Font Info:    ... okay on input line 16.
LaTeX Font Info:    Checking defaults for JY1/mc/m/n on input line 16.
LaTeX Font Info:    ... okay on input line 16.
LaTeX Font Info:    Checking defaults for JT1/mc/m/n on input line 16.
LaTeX Font Info:    ... okay on input line 16.
LaTeX Font Info:    Font shape `JT1/mc/bx/n' in size <17.28> not available
(Font)              Font shape `JT1/gt/m/n' tried instead on input line 17.
LaTeX Font Info:    Font shape `JY1/mc/bx/n' in size <17.28> not available
(Font)              Font shape `JY1/gt/m/n' tried instead on input line 17.
LaTeX Font Info:    Font shape `JT1/mc/bx/n' in size <12> not available
(Font)              Font shape `JT1/gt/m/n' tried instead on input line 19.
LaTeX Font Info:    Font shape `JY1/mc/bx/n' in size <12> not available
(Font)              Font shape `JY1/gt/m/n' tried instead on input line 19.
LaTeX Font Info:    External font `cmex10' loaded for size
(Font)              <12> on input line 19.
LaTeX Font Info:    External font `cmex10' loaded for size
(Font)              <8> on input line 19.
LaTeX Font Info:    External font `cmex10' loaded for size
(Font)              <6> on input line 19.
LaTeX Font Info:    Font shape `JT1/mc/bx/n' in size <6> not available
(Font)              Font shape `JT1/gt/m/n' tried instead on input line 25.
LaTeX Font Info:    Font shape `JY1/mc/bx/n' in size <6> not available
(Font)              Font shape `JY1/gt/m/n' tried instead on input line 25.

Overfull \hbox (26.44577pt too wide) in paragraph at lines 37--38
[]\OT1/cmr/m/n/12 (\JY1/mc/m/n/12 沖普\OT1/cmr/m/n/12 ) \JY1/mc/m/n/12 あゐ っ 
あゐ っ 、 ち ゃ ーる　[]　ゐやいび ーが 、 あんし　[]　て ぃ ほ ーり ー []$[]$
[]
 []

[1

]
Overfull \hbox (7.51697pt too wide) in paragraph at lines 59--60
[]\OT1/cmr/m/n/12 (\JY1/mc/m/n/12 沖丁\OT1/cmr/m/n/12 ) \JY1/mc/m/n/12 　[]　ぬ
も ーゐく ゎ んく ゎ ん そ ーいび ーしが 、 　[]　ど ぅ  []$[]$[]
 []


Overfull \hbox (2.82109pt too wide) in paragraph at lines 79--80
[]\OT1/cmr/m/n/12 (\JY1/mc/m/n/12 丁寧\OT1/cmr/m/n/12 ) \JY1/mc/m/n/12 け ーて 
ー　[]　て ぃ ど ぅ  あいび ーるむんな ー 、 あんし　[]　 []$[]$[]
 []


Overfull \hbox (14.36768pt too wide) in paragraph at lines 80--81
[]\OT1/cmr/m/n/12 (\JY1/mc/m/n/12 尊敬\OT1/cmr/m/n/12 ) \JY1/mc/m/n/12 け ーて 
ー　[]　て ぃ ど ぅ  あいび ーるむんな ー 、 あんし　[]　 []$[]$[]
 []

[2]
Overfull \hbox (69.19281pt too wide) in paragraph at lines 81--82
[]\OT1/cmr/m/n/12 (\JY1/mc/m/n/12 尊敬\OT1/cmr/m/n/12 +\JY1/mc/m/n/12 丁寧\OT1/
cmr/m/n/12 ) \JY1/mc/m/n/12 け ーて ー　[]　て ぃ ど ぅ  あいび ーるむんな ー 
、 あんし　[]　 []$[]$[]
 []

[3] [4] [5] [6] [7] [8] [9]
\tf@thm=\write3
\openout3 = `teen-form-samples.thm'.

 [10] (./teen-form-samples.aux)

LaTeX Warning: Label(s) may have changed. Rerun to get cross-references right.

 ) 
Here is how much of TeX's memory you used:
 1018 strings out of 479850
 15972 string characters out of 5887378
 329326 words of memory out of 5000000
 19394 multiletter control sequences out of 15000+600000
 479554 words of font info for 68 fonts, out of 8000000 for 9000
 264 hyphenation exceptions out of 8191
 40i,7n,48p,268b,365s stack positions out of 5000i,500n,10000p,200000b,80000s

Output written on teen-form-samples.dvi (10 pages, 31776 bytes).
